# JRE version: Java(TM) SE Runtime Environment (17.0.13+10) (build 17.0.13+10-LTS-268)
# Java VM: Java HotSpot(TM) 64-Bit Server VM (17.0.13+10-LTS-268, mixed mode, sharing, tiered, compressed oops, compressed class ptrs, g1 gc, windows-amd64)
GC Precious Log:
 CPUs: 8 total, 8 available
 Memory: 16342M
 Large Page Support: Disabled
 NUMA Support: Disabled
 Compressed Oops: Enabled (Zero based)
 Heap Region Size: 2M
 Heap Min Capacity: 8M
 Heap Initial Capacity: 256M
 Heap Max Capacity: 4086M
 Pre-touch: Disabled
 Parallel Workers: 8
 Concurrent Workers: 2
 Concurrent Refinement Workers: 8
 Periodic GC: Disabled
Heap:
 garbage-first heap   total 61440K, used 28087K [0x0000000700a00000, 0x0000000800000000)
  region size 2048K, 2 young (4096K), 1 survivors (2048K)
 Metaspace       used 69211K, committed 69760K, reserved 1114112K
  class space    used 9415K, committed 9664K, reserved 1048576K
GC Heap History (20 events):
Event: 3.244 GC heap before
{Heap before GC invocations=6 (full 0):
 garbage-first heap   total 61440K, used 39912K [0x0000000700a00000, 0x0000000800000000)
  region size 2048K, 12 young (24576K), 1 survivors (2048K)
 Metaspace       used 31098K, committed 31552K, reserved 1114112K
  class space    used 4033K, committed 4224K, reserved 1048576K
}
Event: 3.247 GC heap after
{Heap after GC invocations=7 (full 0):
 garbage-first heap   total 61440K, used 18408K [0x0000000700a00000, 0x0000000800000000)
  region size 2048K, 1 young (2048K), 1 survivors (2048K)
 Metaspace       used 31098K, committed 31552K, reserved 1114112K
  class space    used 4033K, committed 4224K, reserved 1048576K
}
Event: 3.605 GC heap before
{Heap before GC invocations=7 (full 0):
 garbage-first heap   total 61440K, used 38888K [0x0000000700a00000, 0x0000000800000000)
  region size 2048K, 12 young (24576K), 1 survivors (2048K)
 Metaspace       used 35548K, committed 35968K, reserved 1114112K
  class space    used 4773K, committed 4992K, reserved 1048576K
}
Event: 3.608 GC heap after
{Heap after GC invocations=8 (full 0):
 garbage-first heap   total 61440K, used 19202K [0x0000000700a00000, 0x0000000800000000)
  region size 2048K, 2 young (4096K), 2 survivors (4096K)
 Metaspace       used 35548K, committed 35968K, reserved 1114112K
  class space    used 4773K, committed 4992K, reserved 1048576K
}
Event: 4.267 GC heap before
{Heap before GC invocations=9 (full 0):
 garbage-first heap   total 61440K, used 41730K [0x0000000700a00000, 0x0000000800000000)
  region size 2048K, 13 young (26624K), 2 survivors (4096K)
 Metaspace       used 44942K, committed 45440K, reserved 1114112K
  class space    used 5914K, committed 6144K, reserved 1048576K
}
Event: 4.270 GC heap after
{Heap after GC invocations=10 (full 0):
 garbage-first heap   total 61440K, used 21600K [0x0000000700a00000, 0x0000000800000000)
  region size 2048K, 2 young (4096K), 2 survivors (4096K)
 Metaspace       used 44942K, committed 45440K, reserved 1114112K
  class space    used 5914K, committed 6144K, reserved 1048576K
}
Event: 4.623 GC heap before
{Heap before GC invocations=10 (full 0):
 garbage-first heap   total 61440K, used 42080K [0x0000000700a00000, 0x0000000800000000)
  region size 2048K, 13 young (26624K), 2 survivors (4096K)
 Metaspace       used 49420K, committed 49792K, reserved 1114112K
  class space    used 6482K, committed 6656K, reserved 1048576K
}
Event: 4.625 GC heap after
{Heap after GC invocations=11 (full 0):
 garbage-first heap   total 61440K, used 23130K [0x0000000700a00000, 0x0000000800000000)
  region size 2048K, 1 young (2048K), 1 survivors (2048K)
 Metaspace       used 49420K, committed 49792K, reserved 1114112K
  class space    used 6482K, committed 6656K, reserved 1048576K
}
Event: 5.005 GC heap before
{Heap before GC invocations=11 (full 0):
 garbage-first heap   total 61440K, used 45658K [0x0000000700a00000, 0x0000000800000000)
  region size 2048K, 12 young (24576K), 1 survivors (2048K)
 Metaspace       used 55812K, committed 56320K, reserved 1114112K
  class space    used 7524K, committed 7744K, reserved 1048576K
}
Event: 5.007 GC heap after
{Heap after GC invocations=12 (full 0):
 garbage-first heap   total 61440K, used 23481K [0x0000000700a00000, 0x0000000800000000)
  region size 2048K, 2 young (4096K), 2 survivors (4096K)
 Metaspace       used 55812K, committed 56320K, reserved 1114112K
  class space    used 7524K, committed 7744K, reserved 1048576K
}
Event: 5.428 GC heap before
{Heap before GC invocations=12 (full 0):
 garbage-first heap   total 61440K, used 46009K [0x0000000700a00000, 0x0000000800000000)
  region size 2048K, 13 young (26624K), 2 survivors (4096K)
 Metaspace       used 59719K, committed 60224K, reserved 1114112K
  class space    used 8095K, committed 8320K, reserved 1048576K
}
Event: 5.431 GC heap after
{Heap after GC invocations=13 (full 0):
 garbage-first heap   total 61440K, used 25306K [0x0000000700a00000, 0x0000000800000000)
  region size 2048K, 2 young (4096K), 2 survivors (4096K)
 Metaspace       used 59719K, committed 60224K, reserved 1114112K
  class space    used 8095K, committed 8320K, reserved 1048576K
}
Event: 5.452 GC heap before
{Heap before GC invocations=13 (full 0):
 garbage-first heap   total 61440K, used 25306K [0x0000000700a00000, 0x0000000800000000)
  region size 2048K, 3 young (6144K), 2 survivors (4096K)
 Metaspace       used 59848K, committed 60288K, reserved 1114112K
  class space    used 8110K, committed 8320K, reserved 1048576K
}
Event: 5.455 GC heap after
{Heap after GC invocations=14 (full 0):
 garbage-first heap   total 61440K, used 25409K [0x0000000700a00000, 0x0000000800000000)
  region size 2048K, 1 young (2048K), 1 survivors (2048K)
 Metaspace       used 59848K, committed 60288K, reserved 1114112K
  class space    used 8110K, committed 8320K, reserved 1048576K
}
Event: 5.889 GC heap before
{Heap before GC invocations=15 (full 0):
 garbage-first heap   total 61440K, used 47937K [0x0000000700a00000, 0x0000000800000000)
  region size 2048K, 12 young (24576K), 1 survivors (2048K)
 Metaspace       used 62501K, committed 63040K, reserved 1114112K
  class space    used 8541K, committed 8832K, reserved 1048576K
}
Event: 5.893 GC heap after
{Heap after GC invocations=16 (full 0):
 garbage-first heap   total 61440K, used 27334K [0x0000000700a00000, 0x0000000800000000)
  region size 2048K, 2 young (4096K), 2 survivors (4096K)
 Metaspace       used 62501K, committed 63040K, reserved 1114112K
  class space    used 8541K, committed 8832K, reserved 1048576K
}
Event: 21.184 GC heap before
{Heap before GC invocations=16 (full 0):
 garbage-first heap   total 61440K, used 27334K [0x0000000700a00000, 0x0000000800000000)
  region size 2048K, 3 young (6144K), 2 survivors (4096K)
 Metaspace       used 63182K, committed 63744K, reserved 1114112K
  class space    used 8623K, committed 8896K, reserved 1048576K
}
Event: 21.189 GC heap after
{Heap after GC invocations=17 (full 0):
 garbage-first heap   total 61440K, used 27260K [0x0000000700a00000, 0x0000000800000000)
  region size 2048K, 1 young (2048K), 1 survivors (2048K)
 Metaspace       used 63182K, committed 63744K, reserved 1114112K
  class space    used 8623K, committed 8896K, reserved 1048576K
}
Event: 23.256 GC heap before
{Heap before GC invocations=17 (full 0):
 garbage-first heap   total 61440K, used 45692K [0x0000000700a00000, 0x0000000800000000)
  region size 2048K, 11 young (22528K), 1 survivors (2048K)
 Metaspace       used 68765K, committed 69312K, reserved 1114112K
  class space    used 9382K, committed 9600K, reserved 1048576K
}
Event: 23.259 GC heap after
{Heap after GC invocations=18 (full 0):
 garbage-first heap   total 61440K, used 28087K [0x0000000700a00000, 0x0000000800000000)
  region size 2048K, 1 young (2048K), 1 survivors (2048K)
 Metaspace       used 68765K, committed 69312K, reserved 1114112K
  class space    used 9382K, committed 9600K, reserved 1048576K
}

